c:\users\user\source\repos\progcomp\progcomp\debug\vc143.pdb
c:\users\user\source\repos\progcomp\progcomp\debug\vc143.idb
c:\users\user\source\repos\progcomp\progcomp\debug\terceiro.obj
c:\users\user\source\repos\progcomp\progcomp\debug\flexoes.obj
c:\users\user\source\repos\progcomp\debug\progcomp.exe
c:\users\user\source\repos\progcomp\debug\progcomp.pdb
c:\users\user\source\repos\progcomp\progcomp\debug\progcomp.ilk
c:\users\user\source\repos\progcomp\progcomp\debug\abc0.obj
c:\users\user\source\repos\progcomp\progcomp\debug\absolute.obj
c:\users\user\source\repos\progcomp\progcomp\debug\auxoutra.obj
c:\users\user\source\repos\progcomp\progcomp\debug\barrabarra.obj
c:\users\user\source\repos\progcomp\progcomp\debug\cabec.obj
c:\users\user\source\repos\progcomp\progcomp\debug\distancia.obj
c:\users\user\source\repos\progcomp\progcomp\debug\feliznatal.obj
c:\users\user\source\repos\progcomp\progcomp\debug\funcmath.obj
c:\users\user\source\repos\progcomp\progcomp\debug\horamins.obj
c:\users\user\source\repos\progcomp\progcomp\debug\inicializar.obj
c:\users\user\source\repos\progcomp\progcomp\debug\lab2acentuacao.obj
c:\users\user\source\repos\progcomp\progcomp\debug\lab2coutendl.obj
c:\users\user\source\repos\progcomp\progcomp\debug\lab2coutn.obj
c:\users\user\source\repos\progcomp\progcomp\debug\lab2couttres.obj
c:\users\user\source\repos\progcomp\progcomp\debug\mediafuncao.obj
c:\users\user\source\repos\progcomp\progcomp\debug\muitabarramesmo.obj
c:\users\user\source\repos\progcomp\progcomp\debug\média.obj
c:\users\user\source\repos\progcomp\progcomp\debug\quehorassao.obj
c:\users\user\source\repos\progcomp\progcomp\debug\rand.obj
c:\users\user\source\repos\progcomp\progcomp\debug\simples.obj
c:\users\user\source\repos\progcomp\progcomp\debug\testrand.obj
c:\users\user\source\repos\progcomp\progcomp\debug\variousreturn.obj
c:\users\user\source\repos\progcomp\progcomp\debug\volume.obj
c:\users\user\source\repos\progcomp\progcomp\debug\volumecilindro.obj
c:\users\user\source\repos\progcomp\progcomp\debug\progcomp.tlog\cl.command.1.tlog
c:\users\user\source\repos\progcomp\progcomp\debug\progcomp.tlog\cl.items.tlog
c:\users\user\source\repos\progcomp\progcomp\debug\progcomp.tlog\cl.read.1.tlog
c:\users\user\source\repos\progcomp\progcomp\debug\progcomp.tlog\cl.write.1.tlog
c:\users\user\source\repos\progcomp\progcomp\debug\progcomp.tlog\link.command.1.tlog
c:\users\user\source\repos\progcomp\progcomp\debug\progcomp.tlog\link.read.1.tlog
c:\users\user\source\repos\progcomp\progcomp\debug\progcomp.tlog\link.secondary.1.tlog
c:\users\user\source\repos\progcomp\progcomp\debug\progcomp.tlog\link.write.1.tlog
